<?xml version="1.0" encoding="UTF-8"?>
<!-- Generated by org.testng.reporters.JUnitXMLReporter -->
<testsuite ignored="0" hostname="DESKTOP-C5NNEHG" failures="0" tests="4" name="IE" time="0.082" errors="0" timestamp="2022-04-06T10:24:48 IST">
  <testcase classname="TestCases.HomePageTesting" name="@BeforeTest setUp" time="0.007">
    <failure type="java.lang.Error" message="Unresolved compilation problem: 
	The method browserLaunching(String) in the type TestBase is not applicable for the arguments ()
">
      <![CDATA[java.lang.Error: Unresolved compilation problem: 
The method browserLaunching(String) in the type TestBase is not applicable for the arguments ()

at TestCases.HomePageTesting.setUp(HomePageTesting.java:26)
at java.base/java.util.concurrent.FutureTask.run(FutureTask.java:264)
at java.base/java.util.concurrent.ThreadPoolExecutor.runWorker(ThreadPoolExecutor.java:1130)
at java.base/java.util.concurrent.ThreadPoolExecutor$Worker.run(ThreadPoolExecutor.java:630)
at java.base/java.lang.Thread.run(Thread.java:832)
... Removed 15 stack frames]]>
    </failure>
  </testcase> <!-- @BeforeTest setUp -->
  <testcase classname="TestCases.AmazonPayPageTestCase" name="@BeforeMethod setup" time="0.0">
    <skipped/>
  </testcase> <!-- @BeforeMethod setup -->
  <testcase classname="TestCases.orderpageTestCase" name="@BeforeMethod setup" time="0.0">
    <skipped/>
  </testcase> <!-- @BeforeMethod setup -->
  <testcase classname="TestCases.orderpageTestCase" name="@AfterMethod tearDown" time="0.0">
    <skipped/>
  </testcase> <!-- @AfterMethod tearDown -->
  <testcase classname="TestCases.HomePageTesting" name="@AfterMethod tearDown" time="0.0">
    <skipped/>
  </testcase> <!-- @AfterMethod tearDown -->
  <testcase classname="TestCases.LogInTestCase" name="@BeforeMethod browserSetup" time="0.0">
    <skipped/>
  </testcase> <!-- @BeforeMethod browserSetup -->
  <testcase classname="TestCases.AmazonPayPageTestCase" name="allPreviousTransactions" time="0.0">
    <skipped/>
  </testcase> <!-- allPreviousTransactions -->
  <testcase classname="TestCases.orderpageTestCase" name="clickOnOrderLink" time="0.001">
    <skipped/>
  </testcase> <!-- clickOnOrderLink -->
  <testcase classname="TestCases.HomePageTesting" name="searchAnItem" time="0.001">
    <skipped/>
  </testcase> <!-- searchAnItem -->
  <testcase classname="TestCases.LogInTestCase" name="createWishList" time="0.001">
    <skipped/>
  </testcase> <!-- createWishList -->
</testsuite> <!-- IE -->
