<?xml version="1.0" encoding="UTF-8"?>
<!-- Generated by org.testng.reporters.JUnitXMLReporter -->
<testsuite ignored="0" hostname="DESKTOP-C5NNEHG" failures="1" tests="1" name="IETest" time="19.326" errors="0" timestamp="2022-04-09T15:57:47 IST">
  <testcase classname="TestCases.LogInTestCase" name="createWishList" time="8.177">
    <failure type="org.openqa.selenium.ElementNotInteractableException" message="Element &amp;lt;a class=&amp;quot;nav-link nav-item&amp;quot; href=&amp;quot;/hz/wishlist/ls?triggerElementID=createList&amp;amp;ref_=nav_ListFlyout_navFlyout_createList_lv_redirect&amp;quot;&amp;gt; could not be scrolled into view
Build info: version: &amp;apos;4.1.3&amp;apos;, revision: &amp;apos;7b1ebf28ef&amp;apos;
System info: host: &amp;apos;DESKTOP-C5NNEHG&amp;apos;, ip: &amp;apos;192.168.43.60&amp;apos;, os.name: &amp;apos;Windows 10&amp;apos;, os.arch: &amp;apos;amd64&amp;apos;, os.version: &amp;apos;10.0&amp;apos;, java.version: &amp;apos;15.0.1&amp;apos;
Driver info: org.openqa.selenium.firefox.FirefoxDriver
Command: [a41ece6e-2cc6-4bf3-b178-969fac4d861d, clickElement {id=aefe0758-c0d8-4059-8fff-bbb0771e1c68}]
Capabilities {acceptInsecureCerts: true, browserName: firefox, browserVersion: 99.0, javascriptEnabled: true, moz:accessibilityChecks: false, moz:buildID: 20220330194208, moz:debuggerAddress: localhost:54337, moz:geckodriverVersion: 0.30.0, moz:headless: false, moz:processID: 16100, moz:profile: C:\Users\GANESH~1\AppData\L..., moz:shutdownTimeout: 60000, moz:useNonSpecCompliantPointerOrigin: false, moz:webdriverClick: true, pageLoadStrategy: normal, platform: WINDOWS, platformName: WINDOWS, platformVersion: 10.0, proxy: Proxy(), se:cdp: ws://localhost:54337/devtoo..., se:cdpVersion: 85.0, setWindowRect: true, strictFileInteractability: false, timeouts: {implicit: 0, pageLoad: 300000, script: 30000}, unhandledPromptBehavior: dismiss and notify}
Element: [[FirefoxDriver: firefox on WINDOWS (a41ece6e-2cc6-4bf3-b178-969fac4d861d)] -&amp;gt; xpath: //*[@id=&amp;quot;nav-al-wishlist&amp;quot;]/a[1]]
Session ID: a41ece6e-2cc6-4bf3-b178-969fac4d861d">
      <![CDATA[org.openqa.selenium.ElementNotInteractableException: Element <a class="nav-link nav-item" href="/hz/wishlist/ls?triggerElementID=createList&ref_=nav_ListFlyout_navFlyout_createList_lv_redirect"> could not be scrolled into view
Build info: version: '4.1.3', revision: '7b1ebf28ef'
System info: host: 'DESKTOP-C5NNEHG', ip: '192.168.43.60', os.name: 'Windows 10', os.arch: 'amd64', os.version: '10.0', java.version: '15.0.1'
Driver info: org.openqa.selenium.firefox.FirefoxDriver
Command: [a41ece6e-2cc6-4bf3-b178-969fac4d861d, clickElement {id=aefe0758-c0d8-4059-8fff-bbb0771e1c68}]
Capabilities {acceptInsecureCerts: true, browserName: firefox, browserVersion: 99.0, javascriptEnabled: true, moz:accessibilityChecks: false, moz:buildID: 20220330194208, moz:debuggerAddress: localhost:54337, moz:geckodriverVersion: 0.30.0, moz:headless: false, moz:processID: 16100, moz:profile: C:\Users\GANESH~1\AppData\L..., moz:shutdownTimeout: 60000, moz:useNonSpecCompliantPointerOrigin: false, moz:webdriverClick: true, pageLoadStrategy: normal, platform: WINDOWS, platformName: WINDOWS, platformVersion: 10.0, proxy: Proxy(), se:cdp: ws://localhost:54337/devtoo..., se:cdpVersion: 85.0, setWindowRect: true, strictFileInteractability: false, timeouts: {implicit: 0, pageLoad: 300000, script: 30000}, unhandledPromptBehavior: dismiss and notify}
Element: [[FirefoxDriver: firefox on WINDOWS (a41ece6e-2cc6-4bf3-b178-969fac4d861d)] -> xpath: //*[@id="nav-al-wishlist"]/a[1]]
Session ID: a41ece6e-2cc6-4bf3-b178-969fac4d861d
at org.openqa.selenium.remote.codec.w3c.W3CHttpResponseCodec.createException(W3CHttpResponseCodec.java:200)
at org.openqa.selenium.remote.codec.w3c.W3CHttpResponseCodec.decode(W3CHttpResponseCodec.java:133)
at org.openqa.selenium.remote.codec.w3c.W3CHttpResponseCodec.decode(W3CHttpResponseCodec.java:53)
at org.openqa.selenium.remote.HttpCommandExecutor.execute(HttpCommandExecutor.java:184)
at org.openqa.selenium.remote.service.DriverCommandExecutor.invokeExecute(DriverCommandExecutor.java:167)
at org.openqa.selenium.remote.service.DriverCommandExecutor.execute(DriverCommandExecutor.java:142)
at org.openqa.selenium.remote.RemoteWebDriver.execute(RemoteWebDriver.java:567)
at org.openqa.selenium.remote.RemoteWebElement.execute(RemoteWebElement.java:251)
at org.openqa.selenium.remote.RemoteWebElement.click(RemoteWebElement.java:77)
at org.openqa.selenium.support.pagefactory.internal.LocatingElementHandler.invoke(LocatingElementHandler.java:52)
at com.sun.proxy.$Proxy16.click(Unknown Source)
at Pages.Homepage.createWishList(Homepage.java:73)
at TestCases.LogInTestCase.createWishList(LogInTestCase.java:70)
at java.base/java.util.ArrayList.forEach(ArrayList.java:1511)
... Removed 36 stack frames]]>
    </failure>
  </testcase> <!-- createWishList -->
</testsuite> <!-- IETest -->
