<?xml version="1.0" encoding="UTF-8"?>
<!-- Generated by org.testng.reporters.JUnitXMLReporter -->
<testsuite ignored="0" hostname="DESKTOP-C5NNEHG" failures="0" tests="4" name="Test" time="0.08" errors="0" timestamp="2022-04-06T10:14:21 IST">
  <testcase classname="TestCases.HomePageTesting" name="@BeforeTest setUp" time="0.005">
    <failure type="java.lang.Error" message="Unresolved compilation problem: 
	The method browserLaunching(String) in the type TestBase is not applicable for the arguments ()
">
      <![CDATA[java.lang.Error: Unresolved compilation problem: 
The method browserLaunching(String) in the type TestBase is not applicable for the arguments ()

at TestCases.HomePageTesting.setUp(HomePageTesting.java:26)
... Removed 24 stack frames]]>
    </failure>
  </testcase> <!-- @BeforeTest setUp -->
  <testcase classname="TestCases.AmazonPayPageTestCase" name="@BeforeMethod setup" time="0.0">
    <skipped/>
  </testcase> <!-- @BeforeMethod setup -->
  <testcase classname="TestCases.orderpageTestCase" name="@BeforeMethod setup" time="0.0">
    <skipped/>
  </testcase> <!-- @BeforeMethod setup -->
  <testcase classname="TestCases.AmazonPayPageTestCase" name="@AfterMethod tearDown" time="0.0">
    <skipped/>
  </testcase> <!-- @AfterMethod tearDown -->
  <testcase classname="TestCases.orderpageTestCase" name="@AfterMethod tearDown" time="0.0">
    <skipped/>
  </testcase> <!-- @AfterMethod tearDown -->
  <testcase classname="TestCases.LogInTestCase" name="@BeforeMethod browserSetup" time="0.0">
    <skipped/>
  </testcase> <!-- @BeforeMethod browserSetup -->
  <testcase classname="TestCases.HomePageTesting" name="@AfterMethod tearDown" time="0.0">
    <skipped/>
  </testcase> <!-- @AfterMethod tearDown -->
  <testcase classname="TestCases.AmazonPayPageTestCase" name="allPreviousTransactions" time="0.0">
    <skipped/>
  </testcase> <!-- allPreviousTransactions -->
  <testcase classname="TestCases.orderpageTestCase" name="clickOnOrderLink" time="0.0">
    <skipped/>
  </testcase> <!-- clickOnOrderLink -->
  <testcase classname="TestCases.HomePageTesting" name="searchAnItem" time="0.0">
    <skipped/>
  </testcase> <!-- searchAnItem -->
  <testcase classname="TestCases.LogInTestCase" name="createWishList" time="0.0">
    <skipped/>
  </testcase> <!-- createWishList -->
</testsuite> <!-- Test -->
