<?xml version="1.0" encoding="UTF-8"?>
<!-- Generated by org.testng.reporters.JUnitXMLReporter -->
<testsuite ignored="0" hostname="DESKTOP-C5NNEHG" failures="0" tests="2" name="Test" time="5.029" errors="0" timestamp="2022-04-28T09:04:07 IST">
  <testcase classname="TestCases.LogInTestCase" name="@BeforeMethod browserSetup" time="4.975">
    <failure type="java.lang.NullPointerException" message="Cannot invoke &amp;quot;org.openqa.selenium.WebDriver.manage()&amp;quot; because &amp;quot;BaseLayer.TestBase.d&amp;quot; is null">
      <![CDATA[java.lang.NullPointerException: Cannot invoke "org.openqa.selenium.WebDriver.manage()" because "BaseLayer.TestBase.d" is null
at BaseLayer.TestBase.browserLaunching(TestBase.java:91)
at TestCases.LogInTestCase.browserSetup(LogInTestCase.java:38)
at java.base/java.util.ArrayList.forEach(ArrayList.java:1511)
... Removed 31 stack frames]]>
    </failure>
  </testcase> <!-- @BeforeMethod browserSetup -->
  <testcase classname="TestCases.LogInTestCase" name="@AfterMethod tearDown" time="0.0">
    <skipped/>
  </testcase> <!-- @AfterMethod tearDown -->
  <testcase classname="TestCases.LogInTestCase" name="@BeforeMethod browserSetup" time="0.0">
    <skipped/>
  </testcase> <!-- @BeforeMethod browserSetup -->
  <testcase classname="TestCases.LogInTestCase" name="@AfterMethod tearDown" time="0.0">
    <skipped/>
  </testcase> <!-- @AfterMethod tearDown -->
  <testcase classname="TestCases.LogInTestCase" name="verificationOfLoginPage" time="0.0">
    <skipped/>
  </testcase> <!-- verificationOfLoginPage -->
  <testcase classname="TestCases.LogInTestCase" name="createWishList" time="0.001">
    <skipped/>
  </testcase> <!-- createWishList -->
</testsuite> <!-- Test -->
